[debug] [2025-06-04T02:28:38.640Z] ----------------------------------------------------------------------
[debug] [2025-06-04T02:28:38.644Z] Command:       C:\Program Files\nodejs\node.exe C:\Users\Windows Lite BR\AppData\Roaming\npm\node_modules\firebase-tools\lib\bin\firebase.js init hosting
[debug] [2025-06-04T02:28:38.644Z] CLI Version:   14.4.0
[debug] [2025-06-04T02:28:38.644Z] Platform:      win32
[debug] [2025-06-04T02:28:38.644Z] Node Version:  v22.15.1
[debug] [2025-06-04T02:28:38.645Z] Time:          Tue Jun 03 2025 23:28:38 GMT-0300 (Horário Padrão de Brasília)
[debug] [2025-06-04T02:28:38.645Z] ----------------------------------------------------------------------
[debug] 
[debug] [2025-06-04T02:28:38.647Z] >>> [apiv2][query] GET https://firebase-public.firebaseio.com/cli.json [none]
[debug] [2025-06-04T02:28:38.721Z] > command requires scopes: ["email","openid","https://www.googleapis.com/auth/cloudplatformprojects.readonly","https://www.googleapis.com/auth/firebase","https://www.googleapis.com/auth/cloud-platform"]
[debug] [2025-06-04T02:28:38.722Z] > authorizing via signed-in user (yansampaiopro@gmail.com)
[info] 
     ######## #### ########  ######## ########     ###     ######  ########
     ##        ##  ##     ## ##       ##     ##  ##   ##  ##       ##
     ######    ##  ########  ######   ########  #########  ######  ######
     ##        ##  ##    ##  ##       ##     ## ##     ##       ## ##
     ##       #### ##     ## ######## ########  ##     ##  ######  ########

You're about to initialize a Firebase project in this directory:

  E:\PROJETOS\buscador_boletins

[debug] [2025-06-04T02:28:39.189Z] <<< [apiv2][status] GET https://firebase-public.firebaseio.com/cli.json 200
[debug] [2025-06-04T02:28:39.189Z] <<< [apiv2][body] GET https://firebase-public.firebaseio.com/cli.json {"cloudBuildErrorAfter":1594252800000,"cloudBuildWarnAfter":1590019200000,"defaultNode10After":1594252800000,"minVersion":"3.0.5","node8DeploysDisabledAfter":1613390400000,"node8RuntimeDisabledAfter":1615809600000,"node8WarnAfter":1600128000000}
[info] 
=== Project Setup
[info] 
[info] First, let's associate this project directory with a Firebase project.
[info] You can create multiple project aliases by running firebase use --add, 
[info] but for now we'll just set up a default project.
[info] 
[debug] [2025-06-04T02:28:55.839Z] Checked if tokens are valid: false, expires at: 1748853536295
[debug] [2025-06-04T02:28:55.839Z] Checked if tokens are valid: false, expires at: 1748853536295
[debug] [2025-06-04T02:28:55.840Z] > refreshing access token with scopes: []
[debug] [2025-06-04T02:28:55.841Z] >>> [apiv2][query] POST https://www.googleapis.com/oauth2/v3/token [none]
[debug] [2025-06-04T02:28:55.841Z] >>> [apiv2][body] POST https://www.googleapis.com/oauth2/v3/token [omitted]
[debug] [2025-06-04T02:28:56.136Z] <<< [apiv2][status] POST https://www.googleapis.com/oauth2/v3/token 200
[debug] [2025-06-04T02:28:56.136Z] <<< [apiv2][body] POST https://www.googleapis.com/oauth2/v3/token [omitted]
[debug] [2025-06-04T02:28:56.142Z] >>> [apiv2][query] GET https://firebase.googleapis.com/v1beta1/projects pageSize=100
[debug] [2025-06-04T02:28:57.031Z] <<< [apiv2][status] GET https://firebase.googleapis.com/v1beta1/projects 200
[debug] [2025-06-04T02:28:57.031Z] <<< [apiv2][body] GET https://firebase.googleapis.com/v1beta1/projects [omitted]
[debug] [2025-06-04T02:29:19.950Z] ExitPromptError: User force closed the prompt with SIGINT
    at Interface.sigint (C:\Users\Windows Lite BR\AppData\Roaming\npm\node_modules\firebase-tools\node_modules\@inquirer\core\dist\commonjs\lib\create-prompt.js:101:37)
    at Interface.emit (node:events:518:28)
    at Interface.emit (node:domain:489:12)
    at [_ttyWrite] [as _ttyWrite] (node:internal/readline/interface:1128:18)
    at ReadStream.onkeypress (node:internal/readline/interface:267:20)
    at ReadStream.emit (node:events:530:35)
    at ReadStream.emit (node:domain:489:12)
    at emitKeys (node:internal/readline/utils:370:14)
    at emitKeys.next (<anonymous>)
    at ReadStream.onData (node:internal/readline/emitKeypressEvents:64:36)
[error] 
[error] Error: An unexpected error has occurred.
